<?xml version="1.0" encoding="UTF-8"?>
<!-- Generated by org.testng.reporters.JUnitXMLReporter -->
<testsuite ignored="6" hostname="LAPTOP-4JQ0QDCA" failures="11" tests="48" name="Test" time="692.145" errors="0" timestamp="12 Oct 2024 13:52:28 GMT">
  <testcase classname="assertions.AssertionClass" name="verifyUserCanLoginWithValidUserNameAndPassword" time="0.008"/>
  <testcase classname="assertions.AssertionClass" name="verifyUserCanReadEmail" time="0.003">
    <failure type="java.lang.AssertionError" message="Current share price is not matching expected [405.55] but found [405.55]">
      <![CDATA[java.lang.AssertionError: Current share price is not matching expected [405.55] but found [405.55]
at assertions.AssertionClass.verifyUserCanReadEmail(AssertionClass.java:45)
... Removed 27 stack frames]]>
    </failure>
  </testcase> <!-- verifyUserCanReadEmail -->
  <testcase classname="assertions.AssertionClass" name="verifyUserCanSendEmail" time="0.002">
    <failure type="java.lang.AssertionError" message="expected [null] but found [anno.AnnoClass@1d470d0]">
      <![CDATA[java.lang.AssertionError: expected [null] but found [anno.AnnoClass@1d470d0]
at assertions.AssertionClass.verifyUserCanSendEmail(AssertionClass.java:30)
... Removed 27 stack frames]]>
    </failure>
  </testcase> <!-- verifyUserCanSendEmail -->
  <testcase classname="assertions.AssertionClass" name="verifyuserslist" time="0.001">
    <failure type="java.lang.AssertionError" message="expected [45] but found [23]">
      <![CDATA[java.lang.AssertionError: expected [45] but found [23]
at assertions.AssertionClass.verifyuserslist(AssertionClass.java:55)
... Removed 29 stack frames]]>
    </failure>
  </testcase> <!-- verifyuserslist -->
  <testcase classname="annotation.AnnotationInTestNg" name="VerifyUserCanReadEmail" time="0.001"/>
  <testcase classname="annotation.AnnotationInTestNg" name="VerifyUserCanSendEmail" time="0.002"/>
  <testcase classname="annotation.AnnotationInTestNg" name="verifyUserCanLoginWithValidusernameandPassward" time="0.002"/>
  <testcase classname="dependent.Depedent_test_case_class" name="verifyUserCanLoginWithValidusernameandPassward" time="0.002"/>
  <testcase classname="dependent.Depedent_test_case_class" name="VerifyUserCanSendEmail" time="0.001">
    <failure type="java.lang.AssertionError" message="expected [true] but found [false]">
      <![CDATA[java.lang.AssertionError: expected [true] but found [false]
at dependent.Depedent_test_case_class.VerifyUserCanSendEmail(Depedent_test_case_class.java:17)
... Removed 27 stack frames]]>
    </failure>
  </testcase> <!-- VerifyUserCanSendEmail -->
  <testcase classname="dependent.Depedent_test_case_class" name="VerifyUserCanReadEmail" time="0.0">
    <skipped/>
  </testcase> <!-- VerifyUserCanReadEmail -->
  <testcase classname="brockenlink.BrockenLinkClass" name="sampleTestCase" time="6.045"/>
  <testcase classname="brockenlink.FindStatusCodeOfLink" name="sampleTestCase" time="0.681"/>
  <testcase classname="annotation.AnnotationCCC" name="firstTestCase" time="0.0"/>
  <testcase classname="data_provider_annotation.DataProvideClass" name="verifyUserCanLoginWithProvidedCredentials" time="0.002"/>
  <testcase classname="data_provider_annotation.DataProvideClass" name="verifyUserCanLoginWithProvidedCredentials" time="0.001"/>
  <testcase classname="data_provider_annotation.DataProvideClass" name="verifyUserCanLoginWithProvidedCredentials" time="0.001"/>
  <testcase classname="data_provider_annotation.DataProvideClass" name="verifyUserCanLoginWithProvidedCredentials2" time="0.002"/>
  <testcase classname="data_provider_annotation.DataProvideClass" name="verifyUserCanLoginWithProvidedCredentials2" time="0.001"/>
  <testcase classname="data_provider_annotation.DataProvideClass" name="verifyUserCanLoginWithProvidedCredentials2" time="0.0"/>
  <testcase classname="data_provider_annotation.DataProvideClass" name="verifyuserCanaddDataOnUI" time="0.001"/>
  <testcase classname="data_provider_annotation.DataProvideClass" name="verifyuserCanaddDataOnUI" time="0.0"/>
  <testcase classname="data_provider_annotation.DataProvideClass" name="verifyuserCanaddDataOnUI" time="0.001"/>
  <testcase classname="data_provider_annotation.DataProvideClass" name="verifyuserCanaddDataOnUI" time="0.001"/>
  <testcase classname="data_provider_annotation.DataProvideClass" name="verifyuserCanaddDataOnUI" time="0.0"/>
  <testcase classname="enables.EnablesInTestNg" name="A" time="0.001"/>
  <testcase classname="invocation.InvocationCountClass" name="VerifyUserCanSendEmail" time="0.001"/>
  <testcase classname="invocation.InvocationCountClass" name="VerifyUserCanSendEmail" time="0.001"/>
  <testcase classname="invocation.InvocationCountClass" name="VerifyUserCanSendEmail" time="0.001"/>
  <testcase classname="invocation.InvocationCountClass" name="VerifyUserCanSendEmail" time="0.0"/>
  <testcase classname="selenium.FileUploadTestCase" name="verifyfileupload" time="33.466"/>
  <testcase classname="annotation.FileUploadTestCase" name="verifyfileupload" time="38.844">
    <failure type="org.openqa.selenium.TimeoutException" message="Expected condition failed: waiting for visibility of all elements located by By.xpath: //h3[@id=&amp;apos;res&amp;apos;]/center (tried for 5 second(s) with 500 MILLISECONDS interval)
Build info: version: &amp;apos;3.8.0&amp;apos;, revision: &amp;apos;924c4067df&amp;apos;, time: &amp;apos;2017-11-30T11:20:39.408Z&amp;apos;
System info: host: &amp;apos;LAPTOP-4JQ0QDCA&amp;apos;, ip: &amp;apos;192.168.83.94&amp;apos;, os.name: &amp;apos;Windows 11&amp;apos;, os.arch: &amp;apos;amd64&amp;apos;, os.version: &amp;apos;10.0&amp;apos;, java.version: &amp;apos;22.0.1&amp;apos;
Driver info: org.openqa.selenium.chrome.ChromeDriver
Capabilities {acceptInsecureCerts: false, browserName: chrome, browserVersion: 129.0.6668.100, chrome: {chromedriverVersion: 128.0.6613.119 (6e439cfca4d..., userDataDir: C:\Users\SSWOR\AppData\Loca...}, fedcm:accounts: true, goog:chromeOptions: {debuggerAddress: localhost:54293}, javascriptEnabled: true, networkConnectionEnabled: false, pageLoadStrategy: normal, platform: WINDOWS, platformName: WINDOWS, proxy: Proxy(), setWindowRect: true, strictFileInteractability: false, timeouts: {implicit: 0, pageLoad: 300000, script: 30000}, unhandledPromptBehavior: dismiss and notify, webauthn:extension:credBlob: true, webauthn:extension:largeBlob: true, webauthn:extension:minPinLength: true, webauthn:extension:prf: true, webauthn:virtualAuthenticators: true}
Session ID: e4dc594415722448f886b7373ac1e3d3">
      <![CDATA[org.openqa.selenium.TimeoutException: Expected condition failed: waiting for visibility of all elements located by By.xpath: //h3[@id='res']/center (tried for 5 second(s) with 500 MILLISECONDS interval)
Build info: version: '3.8.0', revision: '924c4067df', time: '2017-11-30T11:20:39.408Z'
System info: host: 'LAPTOP-4JQ0QDCA', ip: '192.168.83.94', os.name: 'Windows 11', os.arch: 'amd64', os.version: '10.0', java.version: '22.0.1'
Driver info: org.openqa.selenium.chrome.ChromeDriver
Capabilities {acceptInsecureCerts: false, browserName: chrome, browserVersion: 129.0.6668.100, chrome: {chromedriverVersion: 128.0.6613.119 (6e439cfca4d..., userDataDir: C:\Users\SSWOR\AppData\Loca...}, fedcm:accounts: true, goog:chromeOptions: {debuggerAddress: localhost:54293}, javascriptEnabled: true, networkConnectionEnabled: false, pageLoadStrategy: normal, platform: WINDOWS, platformName: WINDOWS, proxy: Proxy(), setWindowRect: true, strictFileInteractability: false, timeouts: {implicit: 0, pageLoad: 300000, script: 30000}, unhandledPromptBehavior: dismiss and notify, webauthn:extension:credBlob: true, webauthn:extension:largeBlob: true, webauthn:extension:minPinLength: true, webauthn:extension:prf: true, webauthn:virtualAuthenticators: true}
Session ID: e4dc594415722448f886b7373ac1e3d3
at org.openqa.selenium.support.ui.WebDriverWait.timeoutException(WebDriverWait.java:82)
at org.openqa.selenium.support.ui.FluentWait.until(FluentWait.java:231)
at annotation.FileUploadTestCase.verifyfileupload(FileUploadTestCase.java:60)
... Removed 23 stack frames]]>
    </failure>
  </testcase> <!-- verifyfileupload -->
  <testcase classname="screen.cpature.ScreenCaptureClass2" name="sampleTestCase" time="36.441">
    <failure type="java.lang.AssertionError" message="expected [true] but found [false]">
      <![CDATA[java.lang.AssertionError: expected [true] but found [false]
at screen.cpature.ScreenCaptureClass2.sampleTestCase(ScreenCaptureClass2.java:30)
... Removed 27 stack frames]]>
    </failure>
  </testcase> <!-- sampleTestCase -->
  <testcase classname="brockenlink.BrockenLinkClass5ToolQA3" name="verifyLinksAreBrockenOrNot" time="130.127"/>
  <testcase classname="brockenlink.BrockenLinkClass4ToolQA2" name="sampleTestCase" time="198.261"/>
  <testcase classname="screen.cpature.ScreenCaptureClass" name="sampleTestCase" time="3.55"/>
  <testcase classname="anno.AnnoClass" name="A" time="0.0"/>
  <testcase classname="anno.AnnoClass" name="B" time="0.008"/>
  <testcase classname="data_provider_annotation.DataProviderClass2" name="verifyUserCanLoginWithProvidedCredentials2" time="0.0">
    <skipped/>
  </testcase> <!-- verifyUserCanLoginWithProvidedCredentials2 -->
  <testcase classname="dependent.Depedent_test_case_class3" name="verifyUserCanLoginWithValidusernameandPassward" time="0.0"/>
  <testcase classname="selenium.FileUploadTestCase2" name="verifyfileupload" time="171.127">
    <failure type="org.openqa.selenium.TimeoutException" message="Expected condition failed: waiting for visibility of all elements located by By.xpath: //h3[@id=&amp;apos;res&amp;apos;]/center (tried for 5 second(s) with 500 MILLISECONDS interval)
Build info: version: &amp;apos;3.8.0&amp;apos;, revision: &amp;apos;924c4067df&amp;apos;, time: &amp;apos;2017-11-30T11:20:39.408Z&amp;apos;
System info: host: &amp;apos;LAPTOP-4JQ0QDCA&amp;apos;, ip: &amp;apos;192.168.83.94&amp;apos;, os.name: &amp;apos;Windows 11&amp;apos;, os.arch: &amp;apos;amd64&amp;apos;, os.version: &amp;apos;10.0&amp;apos;, java.version: &amp;apos;22.0.1&amp;apos;
Driver info: org.openqa.selenium.chrome.ChromeDriver
Capabilities {acceptInsecureCerts: false, browserName: chrome, browserVersion: 129.0.6668.100, chrome: {chromedriverVersion: 128.0.6613.119 (6e439cfca4d..., userDataDir: C:\Users\SSWOR\AppData\Loca...}, fedcm:accounts: true, goog:chromeOptions: {debuggerAddress: localhost:54842}, javascriptEnabled: true, networkConnectionEnabled: false, pageLoadStrategy: normal, platform: WINDOWS, platformName: WINDOWS, proxy: Proxy(), setWindowRect: true, strictFileInteractability: false, timeouts: {implicit: 0, pageLoad: 300000, script: 30000}, unhandledPromptBehavior: dismiss and notify, webauthn:extension:credBlob: true, webauthn:extension:largeBlob: true, webauthn:extension:minPinLength: true, webauthn:extension:prf: true, webauthn:virtualAuthenticators: true}
Session ID: 9615e2dd3163de704809cad2084bbb65">
      <![CDATA[org.openqa.selenium.TimeoutException: Expected condition failed: waiting for visibility of all elements located by By.xpath: //h3[@id='res']/center (tried for 5 second(s) with 500 MILLISECONDS interval)
Build info: version: '3.8.0', revision: '924c4067df', time: '2017-11-30T11:20:39.408Z'
System info: host: 'LAPTOP-4JQ0QDCA', ip: '192.168.83.94', os.name: 'Windows 11', os.arch: 'amd64', os.version: '10.0', java.version: '22.0.1'
Driver info: org.openqa.selenium.chrome.ChromeDriver
Capabilities {acceptInsecureCerts: false, browserName: chrome, browserVersion: 129.0.6668.100, chrome: {chromedriverVersion: 128.0.6613.119 (6e439cfca4d..., userDataDir: C:\Users\SSWOR\AppData\Loca...}, fedcm:accounts: true, goog:chromeOptions: {debuggerAddress: localhost:54842}, javascriptEnabled: true, networkConnectionEnabled: false, pageLoadStrategy: normal, platform: WINDOWS, platformName: WINDOWS, proxy: Proxy(), setWindowRect: true, strictFileInteractability: false, timeouts: {implicit: 0, pageLoad: 300000, script: 30000}, unhandledPromptBehavior: dismiss and notify, webauthn:extension:credBlob: true, webauthn:extension:largeBlob: true, webauthn:extension:minPinLength: true, webauthn:extension:prf: true, webauthn:virtualAuthenticators: true}
Session ID: 9615e2dd3163de704809cad2084bbb65
at org.openqa.selenium.support.ui.WebDriverWait.timeoutException(WebDriverWait.java:82)
at org.openqa.selenium.support.ui.FluentWait.until(FluentWait.java:231)
at selenium.FileUploadTestCase2.verifyfileupload(FileUploadTestCase2.java:61)
... Removed 23 stack frames]]>
    </failure>
  </testcase> <!-- verifyfileupload -->
  <testcase classname="dependent.Depedent_test_case_class2" name="verifyUserCanLoginWithValidusernameandPassward" time="0.0">
    <failure type="java.lang.AssertionError" message="expected [true] but found [false]">
      <![CDATA[java.lang.AssertionError: expected [true] but found [false]
at dependent.Depedent_test_case_class2.verifyUserCanLoginWithValidusernameandPassward(Depedent_test_case_class2.java:11)
... Removed 27 stack frames]]>
    </failure>
  </testcase> <!-- verifyUserCanLoginWithValidusernameandPassward -->
  <testcase classname="brockenlink.BrockenLinkClass3ToolQA" name="sampleTestCase" time="67.708"/>
  <testcase classname="brockenlink.BrockenLinkClass2" name="sampleTestCase" time="5.59"/>
  <testcase classname="assertions.SoftAssertionClass" name="verifyUserCanLoginWithValidUserNameAndPassword" time="0.008">
    <failure type="java.lang.AssertionError" message="The following asserts failed:
	User name is not displayed expected [true] but found [false],
	deleted user is displayed expected [false] but found [true]">
      <![CDATA[java.lang.AssertionError: The following asserts failed:
User name is not displayed expected [true] but found [false],
deleted user is displayed expected [false] but found [true]
at assertions.SoftAssertionClass.verifyUserCanLoginWithValidUserNameAndPassword(SoftAssertionClass.java:25)
... Removed 24 stack frames]]>
    </failure>
  </testcase> <!-- verifyUserCanLoginWithValidUserNameAndPassword -->
  <testcase classname="assertions.SoftAssertionClass" name="verifyUserCanReadEmail" time="0.0">
    <failure type="java.lang.AssertionError" message="The following asserts failed:
	expected [null] but found [anno.AnnoClass@7e94d093]">
      <![CDATA[java.lang.AssertionError: The following asserts failed:
expected [null] but found [anno.AnnoClass@7e94d093]
at assertions.SoftAssertionClass.verifyUserCanReadEmail(SoftAssertionClass.java:46)
... Removed 24 stack frames]]>
    </failure>
  </testcase> <!-- verifyUserCanReadEmail -->
  <testcase classname="assertions.SoftAssertionClass" name="verifyUserCanSendEmail" time="0.0">
    <failure type="java.lang.AssertionError" message="The following asserts failed:
	values is not matching expected [45] but found [23]">
      <![CDATA[java.lang.AssertionError: The following asserts failed:
values is not matching expected [45] but found [23]
at assertions.SoftAssertionClass.verifyUserCanSendEmail(SoftAssertionClass.java:36)
... Removed 24 stack frames]]>
    </failure>
  </testcase> <!-- verifyUserCanSendEmail -->
  <testcase classname="annotation.AnnotationInTestNGTwo" name="sampleAMethodFromAnnotationInTestNGTwo" time="0.0"/>
  <testcase classname="annotation.AnnotationInTestNGTwo" name="sampleBMethodFromAnnotationInTestNGTwo" time="0.0"/>
  <testcase classname="annotation.TestBase" name="@BeforeTest sampleBeforeTestAnnotationMethod" time="0.0">
    <ignored/>
  </testcase> <!-- @BeforeTest sampleBeforeTestAnnotationMethod -->
  <testcase classname="dependent.Depedent_test_case_class3" name="VerifyUserCanReadEmail" time="0.0">
    <ignored/>
  </testcase> <!-- VerifyUserCanReadEmail -->
  <testcase classname="annotation.TestBase" name="@AfterSuite sampleAfterSuiteAnnotationMethod" time="0.0">
    <ignored/>
  </testcase> <!-- @AfterSuite sampleAfterSuiteAnnotationMethod -->
  <testcase classname="annotation.TestBase" name="@AfterTest sampleAfterTestAnnotationMethod" time="0.0">
    <ignored/>
  </testcase> <!-- @AfterTest sampleAfterTestAnnotationMethod -->
  <testcase classname="annotation.TestBase" name="@BeforeSuite sampleBeforeSuiteAnnotationMethod" time="0.0">
    <ignored/>
  </testcase> <!-- @BeforeSuite sampleBeforeSuiteAnnotationMethod -->
  <testcase classname="enables.EnablesInTestNg" name="B" time="0.0">
    <ignored/>
  </testcase> <!-- B -->
</testsuite> <!-- Test -->
