<!DOCTYPE html PUBLIC "-//W3C//DTD XHTML 1.1//EN" "http://www.w3.org/TR/xhtml11/DTD/xhtml11.dtd">
<html xmlns="http://www.w3.org/1999/xhtml">
<head>
<meta http-equiv="content-type" content="text/html; charset=UTF-8"/>
<title>TestNG Report</title>
<style type="text/css">table {margin-bottom:10px;border-collapse:collapse;empty-cells:show}th,td {border:1px solid #009;padding:.25em .5em}th {vertical-align:bottom}td {vertical-align:top}table a {font-weight:bold}.stripe td {background-color: #E6EBF9}.num {text-align:right}.passedodd td {background-color: #3F3}.passedeven td {background-color: #0A0}.skippedodd td {background-color: #DDD}.skippedeven td {background-color: #CCC}.failedodd td,.attn {background-color: #F33}.failedeven td,.stripe .attn {background-color: #D00}.stacktrace {white-space:pre;font-family:monospace}.totop {font-size:85%;text-align:center;border-bottom:2px solid #000}.invisible {display:none}</style>
</head>
<body>
<table>
<tr><th>Test</th><th># Passed</th><th># Skipped</th><th># Failed</th><th>Time (ms)</th><th>Included Groups</th><th>Excluded Groups</th></tr>
<tr><th colspan="7">Suite</th></tr>
<tr><td><a href="#t0">Test</a></td><td class="num">35</td><td class="num attn">2</td><td class="num attn">11</td><td class="num">692,145</td><td></td><td></td></tr>
</table>
<table id='summary'><thead><tr><th>Class</th><th>Method</th><th>Start</th><th>Time (ms)</th></tr></thead><tbody><tr><th colspan="4">Suite</th></tr></tbody><tbody id="t0"><tr><th colspan="4">Test &#8212; failed</th></tr><tr class="failedeven"><td rowspan="1">annotation.FileUploadTestCase</td><td><a href="#m0">verifyfileupload</a></td><td rowspan="1">1728740496809</td><td rowspan="1">38844</td></tr><tr class="failedodd"><td rowspan="3">assertions.AssertionClass</td><td><a href="#m1">verifyUserCanReadEmail</a></td><td rowspan="1">1728740456543</td><td rowspan="1">3</td></tr><tr class="failedodd"><td><a href="#m2">verifyUserCanSendEmail</a></td><td rowspan="1">1728740456549</td><td rowspan="1">2</td></tr><tr class="failedodd"><td><a href="#m3">verifyuserslist</a></td><td rowspan="1">1728740456553</td><td rowspan="1">1</td></tr><tr class="failedeven"><td rowspan="3">assertions.SoftAssertionClass</td><td><a href="#m4">verifyUserCanLoginWithValidUserNameAndPassword</a></td><td rowspan="1">1728741148634</td><td rowspan="1">8</td></tr><tr class="failedeven"><td><a href="#m5">verifyUserCanReadEmail</a></td><td rowspan="1">1728741148643</td><td rowspan="1">0</td></tr><tr class="failedeven"><td><a href="#m6">verifyUserCanSendEmail</a></td><td rowspan="1">1728741148643</td><td rowspan="1">0</td></tr><tr class="failedodd"><td rowspan="1">dependent.Depedent_test_case_class</td><td><a href="#m7">VerifyUserCanSendEmail</a></td><td rowspan="1">1728740456573</td><td rowspan="1">1</td></tr><tr class="failedeven"><td rowspan="1">dependent.Depedent_test_case_class2</td><td><a href="#m8">verifyUserCanLoginWithValidusernameandPassward</a></td><td rowspan="1">1728741075336</td><td rowspan="1">0</td></tr><tr class="failedodd"><td rowspan="1">screen.cpature.ScreenCaptureClass2</td><td><a href="#m9">sampleTestCase</a></td><td rowspan="1">1728740535653</td><td rowspan="1">36441</td></tr><tr class="failedeven"><td rowspan="1">selenium.FileUploadTestCase2</td><td><a href="#m10">verifyfileupload</a></td><td rowspan="1">1728740904205</td><td rowspan="1">171127</td></tr><tr><th colspan="4">Test &#8212; skipped</th></tr><tr class="skippedeven"><td rowspan="1">data_provider_annotation.DataProviderClass2</td><td><a href="#m11">verifyUserCanLoginWithProvidedCredentials2</a></td><td rowspan="1">1728740904196</td><td rowspan="1">0</td></tr><tr class="skippedodd"><td rowspan="1">dependent.Depedent_test_case_class</td><td><a href="#m12">VerifyUserCanReadEmail</a></td><td rowspan="1">1728740456576</td><td rowspan="1">0</td></tr><tr><th colspan="4">Test &#8212; passed</th></tr><tr class="passedeven"><td rowspan="2">anno.AnnoClass</td><td><a href="#m13">A</a></td><td rowspan="1">1728740904165</td><td rowspan="1">0</td></tr><tr class="passedeven"><td><a href="#m14">B</a></td><td rowspan="1">1728740904165</td><td rowspan="1">8</td></tr><tr class="passedodd"><td rowspan="1">annotation.AnnotationCCC</td><td><a href="#m15">firstTestCase</a></td><td rowspan="1">1728740463307</td><td rowspan="1">0</td></tr><tr class="passedeven"><td rowspan="2">annotation.AnnotationInTestNGTwo</td><td><a href="#m16">sampleAMethodFromAnnotationInTestNGTwo</a></td><td rowspan="1">1728741148643</td><td rowspan="1">0</td></tr><tr class="passedeven"><td><a href="#m17">sampleBMethodFromAnnotationInTestNGTwo</a></td><td rowspan="1">1728741148643</td><td rowspan="1">0</td></tr><tr class="passedodd"><td rowspan="3">annotation.AnnotationInTestNg</td><td><a href="#m18">VerifyUserCanReadEmail</a></td><td rowspan="1">1728740456557</td><td rowspan="1">1</td></tr><tr class="passedodd"><td><a href="#m19">VerifyUserCanSendEmail</a></td><td rowspan="1">1728740456559</td><td rowspan="1">2</td></tr><tr class="passedodd"><td><a href="#m20">verifyUserCanLoginWithValidusernameandPassward</a></td><td rowspan="1">1728740456564</td><td rowspan="1">2</td></tr><tr class="passedeven"><td rowspan="1">assertions.AssertionClass</td><td><a href="#m21">verifyUserCanLoginWithValidUserNameAndPassword</a></td><td rowspan="1">1728740456533</td><td rowspan="1">8</td></tr><tr class="passedodd"><td rowspan="1">brockenlink.BrockenLinkClass</td><td><a href="#m22">sampleTestCase</a></td><td rowspan="1">1728740456577</td><td rowspan="1">6045</td></tr><tr class="passedeven"><td rowspan="1">brockenlink.BrockenLinkClass2</td><td><a href="#m23">sampleTestCase</a></td><td rowspan="1">1728741143044</td><td rowspan="1">5590</td></tr><tr class="passedodd"><td rowspan="1">brockenlink.BrockenLinkClass3ToolQA</td><td><a href="#m24">sampleTestCase</a></td><td rowspan="1">1728741075336</td><td rowspan="1">67708</td></tr><tr class="passedeven"><td rowspan="1">brockenlink.BrockenLinkClass4ToolQA2</td><td><a href="#m25">sampleTestCase</a></td><td rowspan="1">1728740702354</td><td rowspan="1">198261</td></tr><tr class="passedodd"><td rowspan="1">brockenlink.BrockenLinkClass5ToolQA3</td><td><a href="#m26">verifyLinksAreBrockenOrNot</a></td><td rowspan="1">1728740572226</td><td rowspan="1">130127</td></tr><tr class="passedeven"><td rowspan="1">brockenlink.FindStatusCodeOfLink</td><td><a href="#m27">sampleTestCase</a></td><td rowspan="1">1728740462624</td><td rowspan="1">681</td></tr><tr class="passedodd"><td rowspan="11">data_provider_annotation.DataProvideClass</td><td><a href="#m28">verifyUserCanLoginWithProvidedCredentials</a></td><td rowspan="3">1728740463316</td><td rowspan="3">1</td></tr><tr class="passedodd"><td><a href="#m29">verifyUserCanLoginWithProvidedCredentials</a></td></tr><tr class="passedodd"><td><a href="#m30">verifyUserCanLoginWithProvidedCredentials</a></td></tr><tr class="passedodd"><td><a href="#m31">verifyUserCanLoginWithProvidedCredentials2</a></td><td rowspan="3">1728740463323</td><td rowspan="3">0</td></tr><tr class="passedodd"><td><a href="#m32">verifyUserCanLoginWithProvidedCredentials2</a></td></tr><tr class="passedodd"><td><a href="#m33">verifyUserCanLoginWithProvidedCredentials2</a></td></tr><tr class="passedodd"><td><a href="#m34">verifyuserCanaddDataOnUI</a></td><td rowspan="5">1728740463328</td><td rowspan="5">1</td></tr><tr class="passedodd"><td><a href="#m35">verifyuserCanaddDataOnUI</a></td></tr><tr class="passedodd"><td><a href="#m36">verifyuserCanaddDataOnUI</a></td></tr><tr class="passedodd"><td><a href="#m37">verifyuserCanaddDataOnUI</a></td></tr><tr class="passedodd"><td><a href="#m38">verifyuserCanaddDataOnUI</a></td></tr><tr class="passedeven"><td rowspan="1">dependent.Depedent_test_case_class</td><td><a href="#m39">verifyUserCanLoginWithValidusernameandPassward</a></td><td rowspan="1">1728740456569</td><td rowspan="1">2</td></tr><tr class="passedodd"><td rowspan="1">dependent.Depedent_test_case_class3</td><td><a href="#m40">verifyUserCanLoginWithValidusernameandPassward</a></td><td rowspan="1">1728740904196</td><td rowspan="1">0</td></tr><tr class="passedeven"><td rowspan="1">enables.EnablesInTestNg</td><td><a href="#m41">A</a></td><td rowspan="1">1728740463331</td><td rowspan="1">1</td></tr><tr class="passedodd"><td rowspan="4">invocation.InvocationCountClass</td><td><a href="#m42">VerifyUserCanSendEmail</a></td><td rowspan="4">1728740463339</td><td rowspan="4">0</td></tr><tr class="passedodd"><td><a href="#m43">VerifyUserCanSendEmail</a></td></tr><tr class="passedodd"><td><a href="#m44">VerifyUserCanSendEmail</a></td></tr><tr class="passedodd"><td><a href="#m45">VerifyUserCanSendEmail</a></td></tr><tr class="passedeven"><td rowspan="1">screen.cpature.ScreenCaptureClass</td><td><a href="#m46">sampleTestCase</a></td><td rowspan="1">1728740900615</td><td rowspan="1">3550</td></tr><tr class="passedodd"><td rowspan="1">selenium.FileUploadTestCase</td><td><a href="#m47">verifyfileupload</a></td><td rowspan="1">1728740463341</td><td rowspan="1">33466</td></tr></tbody>
</table>
<h2>Test</h2><h3 id="m0">annotation.FileUploadTestCase#verifyfileupload</h3><table class="result"><tr><th>Exception</th></tr><tr><td><div class="stacktrace">org.openqa.selenium.TimeoutException: Expected condition failed: waiting for visibility of all elements located by By.xpath: //h3[@id=&apos;res&apos;]/center (tried for 5 second(s) with 500 MILLISECONDS interval)
Build info: version: &apos;3.8.0&apos;, revision: &apos;924c4067df&apos;, time: &apos;2017-11-30T11:20:39.408Z&apos;
System info: host: &apos;LAPTOP-4JQ0QDCA&apos;, ip: &apos;192.168.83.94&apos;, os.name: &apos;Windows 11&apos;, os.arch: &apos;amd64&apos;, os.version: &apos;10.0&apos;, java.version: &apos;22.0.1&apos;
Driver info: org.openqa.selenium.chrome.ChromeDriver
Capabilities {acceptInsecureCerts: false, browserName: chrome, browserVersion: 129.0.6668.100, chrome: {chromedriverVersion: 128.0.6613.119 (6e439cfca4d..., userDataDir: C:\Users\SSWOR\AppData\Loca...}, fedcm:accounts: true, goog:chromeOptions: {debuggerAddress: localhost:54293}, javascriptEnabled: true, networkConnectionEnabled: false, pageLoadStrategy: normal, platform: WINDOWS, platformName: WINDOWS, proxy: Proxy(), setWindowRect: true, strictFileInteractability: false, timeouts: {implicit: 0, pageLoad: 300000, script: 30000}, unhandledPromptBehavior: dismiss and notify, webauthn:extension:credBlob: true, webauthn:extension:largeBlob: true, webauthn:extension:minPinLength: true, webauthn:extension:prf: true, webauthn:virtualAuthenticators: true}
Session ID: e4dc594415722448f886b7373ac1e3d3
	at org.openqa.selenium.support.ui.WebDriverWait.timeoutException(WebDriverWait.java:82)
	at org.openqa.selenium.support.ui.FluentWait.until(FluentWait.java:231)
	at annotation.FileUploadTestCase.verifyfileupload(FileUploadTestCase.java:60)
... Removed 23 stack frames</div></td></tr></table><p class="totop"><a href="#summary">back to summary</a></p>
<h3 id="m1">assertions.AssertionClass#verifyUserCanReadEmail</h3><table class="result"><tr><th>Exception</th></tr><tr><td><div class="stacktrace">java.lang.AssertionError: Current share price is not matching expected [405.55] but found [405.55]
	at assertions.AssertionClass.verifyUserCanReadEmail(AssertionClass.java:45)
... Removed 27 stack frames</div></td></tr></table><p class="totop"><a href="#summary">back to summary</a></p>
<h3 id="m2">assertions.AssertionClass#verifyUserCanSendEmail</h3><table class="result"><tr><th>Exception</th></tr><tr><td><div class="stacktrace">java.lang.AssertionError: expected [null] but found [anno.AnnoClass@1d470d0]
	at assertions.AssertionClass.verifyUserCanSendEmail(AssertionClass.java:30)
... Removed 27 stack frames</div></td></tr></table><p class="totop"><a href="#summary">back to summary</a></p>
<h3 id="m3">assertions.AssertionClass#verifyuserslist</h3><table class="result"><tr><th>Exception</th></tr><tr><td><div class="stacktrace">java.lang.AssertionError: expected [45] but found [23]
	at assertions.AssertionClass.verifyuserslist(AssertionClass.java:55)
... Removed 29 stack frames</div></td></tr></table><p class="totop"><a href="#summary">back to summary</a></p>
<h3 id="m4">assertions.SoftAssertionClass#verifyUserCanLoginWithValidUserNameAndPassword</h3><table class="result"><tr><th>Exception</th></tr><tr><td><div class="stacktrace">java.lang.AssertionError: The following asserts failed:
	User name is not displayed expected [true] but found [false],
	deleted user is displayed expected [false] but found [true]
	at assertions.SoftAssertionClass.verifyUserCanLoginWithValidUserNameAndPassword(SoftAssertionClass.java:25)
... Removed 24 stack frames</div></td></tr></table><p class="totop"><a href="#summary">back to summary</a></p>
<h3 id="m5">assertions.SoftAssertionClass#verifyUserCanReadEmail</h3><table class="result"><tr><th>Exception</th></tr><tr><td><div class="stacktrace">java.lang.AssertionError: The following asserts failed:
	expected [null] but found [anno.AnnoClass@7e94d093]
	at assertions.SoftAssertionClass.verifyUserCanReadEmail(SoftAssertionClass.java:46)
... Removed 24 stack frames</div></td></tr></table><p class="totop"><a href="#summary">back to summary</a></p>
<h3 id="m6">assertions.SoftAssertionClass#verifyUserCanSendEmail</h3><table class="result"><tr><th>Exception</th></tr><tr><td><div class="stacktrace">java.lang.AssertionError: The following asserts failed:
	values is not matching expected [45] but found [23]
	at assertions.SoftAssertionClass.verifyUserCanSendEmail(SoftAssertionClass.java:36)
... Removed 24 stack frames</div></td></tr></table><p class="totop"><a href="#summary">back to summary</a></p>
<h3 id="m7">dependent.Depedent_test_case_class#VerifyUserCanSendEmail</h3><table class="result"><tr><th>Exception</th></tr><tr><td><div class="stacktrace">java.lang.AssertionError: expected [true] but found [false]
	at dependent.Depedent_test_case_class.VerifyUserCanSendEmail(Depedent_test_case_class.java:17)
... Removed 27 stack frames</div></td></tr></table><p class="totop"><a href="#summary">back to summary</a></p>
<h3 id="m8">dependent.Depedent_test_case_class2#verifyUserCanLoginWithValidusernameandPassward</h3><table class="result"><tr><th>Exception</th></tr><tr><td><div class="stacktrace">java.lang.AssertionError: expected [true] but found [false]
	at dependent.Depedent_test_case_class2.verifyUserCanLoginWithValidusernameandPassward(Depedent_test_case_class2.java:11)
... Removed 27 stack frames</div></td></tr></table><p class="totop"><a href="#summary">back to summary</a></p>
<h3 id="m9">screen.cpature.ScreenCaptureClass2#sampleTestCase</h3><table class="result"><tr><th>Exception</th></tr><tr><td><div class="stacktrace">java.lang.AssertionError: expected [true] but found [false]
	at screen.cpature.ScreenCaptureClass2.sampleTestCase(ScreenCaptureClass2.java:30)
... Removed 27 stack frames</div></td></tr></table><p class="totop"><a href="#summary">back to summary</a></p>
<h3 id="m10">selenium.FileUploadTestCase2#verifyfileupload</h3><table class="result"><tr><th>Exception</th></tr><tr><td><div class="stacktrace">org.openqa.selenium.TimeoutException: Expected condition failed: waiting for visibility of all elements located by By.xpath: //h3[@id=&apos;res&apos;]/center (tried for 5 second(s) with 500 MILLISECONDS interval)
Build info: version: &apos;3.8.0&apos;, revision: &apos;924c4067df&apos;, time: &apos;2017-11-30T11:20:39.408Z&apos;
System info: host: &apos;LAPTOP-4JQ0QDCA&apos;, ip: &apos;192.168.83.94&apos;, os.name: &apos;Windows 11&apos;, os.arch: &apos;amd64&apos;, os.version: &apos;10.0&apos;, java.version: &apos;22.0.1&apos;
Driver info: org.openqa.selenium.chrome.ChromeDriver
Capabilities {acceptInsecureCerts: false, browserName: chrome, browserVersion: 129.0.6668.100, chrome: {chromedriverVersion: 128.0.6613.119 (6e439cfca4d..., userDataDir: C:\Users\SSWOR\AppData\Loca...}, fedcm:accounts: true, goog:chromeOptions: {debuggerAddress: localhost:54842}, javascriptEnabled: true, networkConnectionEnabled: false, pageLoadStrategy: normal, platform: WINDOWS, platformName: WINDOWS, proxy: Proxy(), setWindowRect: true, strictFileInteractability: false, timeouts: {implicit: 0, pageLoad: 300000, script: 30000}, unhandledPromptBehavior: dismiss and notify, webauthn:extension:credBlob: true, webauthn:extension:largeBlob: true, webauthn:extension:minPinLength: true, webauthn:extension:prf: true, webauthn:virtualAuthenticators: true}
Session ID: 9615e2dd3163de704809cad2084bbb65
	at org.openqa.selenium.support.ui.WebDriverWait.timeoutException(WebDriverWait.java:82)
	at org.openqa.selenium.support.ui.FluentWait.until(FluentWait.java:231)
	at selenium.FileUploadTestCase2.verifyfileupload(FileUploadTestCase2.java:61)
... Removed 23 stack frames</div></td></tr></table><p class="totop"><a href="#summary">back to summary</a></p>
<h3 id="m11">data_provider_annotation.DataProviderClass2#verifyUserCanLoginWithProvidedCredentials2</h3><table class="result"><tr><th>Exception</th></tr><tr><td><div class="stacktrace">java.lang.RuntimeException: java.lang.NullPointerException: Cannot invoke &quot;org.apache.poi.xssf.usermodel.XSSFSheet.getLastRowNum()&quot; because &quot;this.sh&quot; is null
Caused by: java.lang.NullPointerException: Cannot invoke &quot;org.apache.poi.xssf.usermodel.XSSFSheet.getLastRowNum()&quot; because &quot;this.sh&quot; is null
	at helper.ExcelHelper.getKeysList(ExcelHelper.java:40)
	at data_provider_annotation.DataProviderClass2.sendUserCredentials(DataProviderClass2.java:18)
	... 22 more
... Removed 28 stack frames</div></td></tr></table><p class="totop"><a href="#summary">back to summary</a></p>
<h3 id="m12">dependent.Depedent_test_case_class#VerifyUserCanReadEmail</h3><table class="result"><tr><th>Exception</th></tr><tr><td><div class="stacktrace">java.lang.Throwable: Method Depedent_test_case_class.VerifyUserCanReadEmail()[pri:0, instance:dependent.Depedent_test_case_class@40238dd0] depends on not successfully finished methods
... Removed 18 stack frames</div></td></tr></table><p class="totop"><a href="#summary">back to summary</a></p>
<h3 id="m13">anno.AnnoClass#A</h3><table class="result"><tr><th class="invisible"/></tr></table><p class="totop"><a href="#summary">back to summary</a></p>
<h3 id="m14">anno.AnnoClass#B</h3><table class="result"><tr><th class="invisible"/></tr></table><p class="totop"><a href="#summary">back to summary</a></p>
<h3 id="m15">annotation.AnnotationCCC#firstTestCase</h3><table class="result"><tr><th class="invisible"/></tr></table><p class="totop"><a href="#summary">back to summary</a></p>
<h3 id="m16">annotation.AnnotationInTestNGTwo#sampleAMethodFromAnnotationInTestNGTwo</h3><table class="result"><tr><th class="invisible"/></tr></table><p class="totop"><a href="#summary">back to summary</a></p>
<h3 id="m17">annotation.AnnotationInTestNGTwo#sampleBMethodFromAnnotationInTestNGTwo</h3><table class="result"><tr><th class="invisible"/></tr></table><p class="totop"><a href="#summary">back to summary</a></p>
<h3 id="m18">annotation.AnnotationInTestNg#VerifyUserCanReadEmail</h3><table class="result"><tr><th class="invisible"/></tr></table><p class="totop"><a href="#summary">back to summary</a></p>
<h3 id="m19">annotation.AnnotationInTestNg#VerifyUserCanSendEmail</h3><table class="result"><tr><th class="invisible"/></tr></table><p class="totop"><a href="#summary">back to summary</a></p>
<h3 id="m20">annotation.AnnotationInTestNg#verifyUserCanLoginWithValidusernameandPassward</h3><table class="result"><tr><th class="invisible"/></tr></table><p class="totop"><a href="#summary">back to summary</a></p>
<h3 id="m21">assertions.AssertionClass#verifyUserCanLoginWithValidUserNameAndPassword</h3><table class="result"><tr><th class="invisible"/></tr></table><p class="totop"><a href="#summary">back to summary</a></p>
<h3 id="m22">brockenlink.BrockenLinkClass#sampleTestCase</h3><table class="result"><tr><th class="invisible"/></tr></table><p class="totop"><a href="#summary">back to summary</a></p>
<h3 id="m23">brockenlink.BrockenLinkClass2#sampleTestCase</h3><table class="result"><tr><th class="invisible"/></tr></table><p class="totop"><a href="#summary">back to summary</a></p>
<h3 id="m24">brockenlink.BrockenLinkClass3ToolQA#sampleTestCase</h3><table class="result"><tr><th class="invisible"/></tr></table><p class="totop"><a href="#summary">back to summary</a></p>
<h3 id="m25">brockenlink.BrockenLinkClass4ToolQA2#sampleTestCase</h3><table class="result"><tr><th class="invisible"/></tr></table><p class="totop"><a href="#summary">back to summary</a></p>
<h3 id="m26">brockenlink.BrockenLinkClass5ToolQA3#verifyLinksAreBrockenOrNot</h3><table class="result"><tr><th class="invisible"/></tr></table><p class="totop"><a href="#summary">back to summary</a></p>
<h3 id="m27">brockenlink.FindStatusCodeOfLink#sampleTestCase</h3><table class="result"><tr><th class="invisible"/></tr></table><p class="totop"><a href="#summary">back to summary</a></p>
<h3 id="m28">data_provider_annotation.DataProvideClass#verifyUserCanLoginWithProvidedCredentials</h3><table class="result"><tr class="param"><th>Parameter #1</th></tr><tr class="param stripe"><td>[Amar, Am&amp;4567]</td></tr></table><p class="totop"><a href="#summary">back to summary</a></p>
<h3 id="m29">data_provider_annotation.DataProvideClass#verifyUserCanLoginWithProvidedCredentials</h3><table class="result"><tr class="param"><th>Parameter #1</th></tr><tr class="param stripe"><td>[Sanjay, Sanjay@345]</td></tr></table><p class="totop"><a href="#summary">back to summary</a></p>
<h3 id="m30">data_provider_annotation.DataProvideClass#verifyUserCanLoginWithProvidedCredentials</h3><table class="result"><tr class="param"><th>Parameter #1</th></tr><tr class="param stripe"><td>[Ajay, Ajay@123]</td></tr></table><p class="totop"><a href="#summary">back to summary</a></p>
<h3 id="m31">data_provider_annotation.DataProvideClass#verifyUserCanLoginWithProvidedCredentials2</h3><table class="result"><tr class="param"><th>Parameter #1</th><th>Parameter #2</th></tr><tr class="param stripe"><td>Amar</td><td>Am&amp;4567</td></tr></table><p class="totop"><a href="#summary">back to summary</a></p>
<h3 id="m32">data_provider_annotation.DataProvideClass#verifyUserCanLoginWithProvidedCredentials2</h3><table class="result"><tr class="param"><th>Parameter #1</th><th>Parameter #2</th></tr><tr class="param stripe"><td>Sanjay</td><td>Sanjay@345</td></tr></table><p class="totop"><a href="#summary">back to summary</a></p>
<h3 id="m33">data_provider_annotation.DataProvideClass#verifyUserCanLoginWithProvidedCredentials2</h3><table class="result"><tr class="param"><th>Parameter #1</th><th>Parameter #2</th></tr><tr class="param stripe"><td>Ajay</td><td>Ajay@123</td></tr></table><p class="totop"><a href="#summary">back to summary</a></p>
<h3 id="m34">data_provider_annotation.DataProvideClass#verifyuserCanaddDataOnUI</h3><table class="result"><tr class="param"><th>Parameter #1</th></tr><tr class="param stripe"><td>KJU</td></tr></table><p class="totop"><a href="#summary">back to summary</a></p>
<h3 id="m35">data_provider_annotation.DataProvideClass#verifyuserCanaddDataOnUI</h3><table class="result"><tr class="param"><th>Parameter #1</th></tr><tr class="param stripe"><td>ABC</td></tr></table><p class="totop"><a href="#summary">back to summary</a></p>
<h3 id="m36">data_provider_annotation.DataProvideClass#verifyuserCanaddDataOnUI</h3><table class="result"><tr class="param"><th>Parameter #1</th></tr><tr class="param stripe"><td>GTR</td></tr></table><p class="totop"><a href="#summary">back to summary</a></p>
<h3 id="m37">data_provider_annotation.DataProvideClass#verifyuserCanaddDataOnUI</h3><table class="result"><tr class="param"><th>Parameter #1</th></tr><tr class="param stripe"><td>PQR</td></tr></table><p class="totop"><a href="#summary">back to summary</a></p>
<h3 id="m38">data_provider_annotation.DataProvideClass#verifyuserCanaddDataOnUI</h3><table class="result"><tr class="param"><th>Parameter #1</th></tr><tr class="param stripe"><td>hytff</td></tr></table><p class="totop"><a href="#summary">back to summary</a></p>
<h3 id="m39">dependent.Depedent_test_case_class#verifyUserCanLoginWithValidusernameandPassward</h3><table class="result"><tr><th class="invisible"/></tr></table><p class="totop"><a href="#summary">back to summary</a></p>
<h3 id="m40">dependent.Depedent_test_case_class3#verifyUserCanLoginWithValidusernameandPassward</h3><table class="result"><tr><th class="invisible"/></tr></table><p class="totop"><a href="#summary">back to summary</a></p>
<h3 id="m41">enables.EnablesInTestNg#A</h3><table class="result"><tr><th class="invisible"/></tr></table><p class="totop"><a href="#summary">back to summary</a></p>
<h3 id="m42">invocation.InvocationCountClass#VerifyUserCanSendEmail</h3><table class="result"><tr><th class="invisible"/></tr></table><p class="totop"><a href="#summary">back to summary</a></p>
<h3 id="m43">invocation.InvocationCountClass#VerifyUserCanSendEmail</h3><table class="result"><tr><th class="invisible"/></tr></table><p class="totop"><a href="#summary">back to summary</a></p>
<h3 id="m44">invocation.InvocationCountClass#VerifyUserCanSendEmail</h3><table class="result"><tr><th class="invisible"/></tr></table><p class="totop"><a href="#summary">back to summary</a></p>
<h3 id="m45">invocation.InvocationCountClass#VerifyUserCanSendEmail</h3><table class="result"><tr><th class="invisible"/></tr></table><p class="totop"><a href="#summary">back to summary</a></p>
<h3 id="m46">screen.cpature.ScreenCaptureClass#sampleTestCase</h3><table class="result"><tr><th class="invisible"/></tr></table><p class="totop"><a href="#summary">back to summary</a></p>
<h3 id="m47">selenium.FileUploadTestCase#verifyfileupload</h3><table class="result"><tr><th class="invisible"/></tr></table><p class="totop"><a href="#summary">back to summary</a></p>
</body>
</html>
